0 info it worked if it ends with ok
1 verbose cli [ '/home/mrmr/.nvm/versions/node/v6.2.1/bin/node',
1 verbose cli   '/home/mrmr/.nvm/versions/node/v6.2.1/bin/npm',
1 verbose cli   'run',
1 verbose cli   'coveralls' ]
2 info using npm@3.9.3
3 info using node@v6.2.1
4 verbose run-script [ 'precoveralls', 'coveralls', 'postcoveralls' ]
5 info lifecycle microservice@1.0.0~precoveralls: microservice@1.0.0
6 silly lifecycle microservice@1.0.0~precoveralls: no script for precoveralls, continuing
7 info lifecycle microservice@1.0.0~coveralls: microservice@1.0.0
8 verbose lifecycle microservice@1.0.0~coveralls: unsafe-perm in lifecycle true
9 verbose lifecycle microservice@1.0.0~coveralls: PATH: /home/mrmr/.nvm/versions/node/v6.2.1/lib/node_modules/npm/bin/node-gyp-bin:/home/mrmr/Repositories/node-microservice/node_modules/.bin:/home/mrmr/.nvm/versions/node/v6.2.1/bin:/usr/local/heroku/bin:/home/mrmr/.nvm/versions/node/v6.2.1/bin:/usr/local/sbin:/usr/local/bin:/usr/sbin:/usr/bin:/sbin:/bin:/usr/games:/usr/local/games:/snap/bin:/snap/bin
10 verbose lifecycle microservice@1.0.0~coveralls: CWD: /home/mrmr/Repositories/node-microservice
11 silly lifecycle microservice@1.0.0~coveralls: Args: [ '-c',
11 silly lifecycle   'istanbul cover _mocha -- server/api/**/*.spec.js --compilers js:babel-register --report lcovonly && cat ./coverage/lcov.info | ./node_modules/coveralls/bin/coveralls.js && rm -rf ./coverage' ]
12 silly lifecycle microservice@1.0.0~coveralls: Returned: code: 1  signal: null
13 info lifecycle microservice@1.0.0~coveralls: Failed to exec coveralls script
14 verbose stack Error: microservice@1.0.0 coveralls: `istanbul cover _mocha -- server/api/**/*.spec.js --compilers js:babel-register --report lcovonly && cat ./coverage/lcov.info | ./node_modules/coveralls/bin/coveralls.js && rm -rf ./coverage`
14 verbose stack Exit status 1
14 verbose stack     at EventEmitter.<anonymous> (/home/mrmr/.nvm/versions/node/v6.2.1/lib/node_modules/npm/lib/utils/lifecycle.js:245:16)
14 verbose stack     at emitTwo (events.js:106:13)
14 verbose stack     at EventEmitter.emit (events.js:191:7)
14 verbose stack     at ChildProcess.<anonymous> (/home/mrmr/.nvm/versions/node/v6.2.1/lib/node_modules/npm/lib/utils/spawn.js:24:14)
14 verbose stack     at emitTwo (events.js:106:13)
14 verbose stack     at ChildProcess.emit (events.js:191:7)
14 verbose stack     at maybeClose (internal/child_process.js:852:16)
14 verbose stack     at Process.ChildProcess._handle.onexit (internal/child_process.js:215:5)
15 verbose pkgid microservice@1.0.0
16 verbose cwd /home/mrmr/Repositories/node-microservice
17 error Linux 4.4.0-28-generic
18 error argv "/home/mrmr/.nvm/versions/node/v6.2.1/bin/node" "/home/mrmr/.nvm/versions/node/v6.2.1/bin/npm" "run" "coveralls"
19 error node v6.2.1
20 error npm  v3.9.3
21 error code ELIFECYCLE
22 error microservice@1.0.0 coveralls: `istanbul cover _mocha -- server/api/**/*.spec.js --compilers js:babel-register --report lcovonly && cat ./coverage/lcov.info | ./node_modules/coveralls/bin/coveralls.js && rm -rf ./coverage`
22 error Exit status 1
23 error Failed at the microservice@1.0.0 coveralls script 'istanbul cover _mocha -- server/api/**/*.spec.js --compilers js:babel-register --report lcovonly && cat ./coverage/lcov.info | ./node_modules/coveralls/bin/coveralls.js && rm -rf ./coverage'.
23 error Make sure you have the latest version of node.js and npm installed.
23 error If you do, this is most likely a problem with the microservice package,
23 error not with npm itself.
23 error Tell the author that this fails on your system:
23 error     istanbul cover _mocha -- server/api/**/*.spec.js --compilers js:babel-register --report lcovonly && cat ./coverage/lcov.info | ./node_modules/coveralls/bin/coveralls.js && rm -rf ./coverage
23 error You can get information on how to open an issue for this project with:
23 error     npm bugs microservice
23 error Or if that isn't available, you can get their info via:
23 error     npm owner ls microservice
23 error There is likely additional logging output above.
24 verbose exit [ 1, true ]
